I, [2017-04-11T13:42:51] -- server: Jester is making jokes at http://localhost:5000
I, [2017-04-11T13:43:48] -- server: Jester is making jokes at http://localhost:5000
I, [2017-04-11T13:45:14] -- server: Jester is making jokes at http://localhost:5000
I, [2017-04-11T13:45:31] -- server: Jester is making jokes at http://localhost:5000
I, [2017-04-11T13:46:52] -- server: Jester is making jokes at http://localhost:5000
I, [2017-04-11T13:47:17] -- server: Jester is making jokes at http://localhost:5000
I, [2017-04-11T13:49:39] -- server: Jester is making jokes at http://localhost:5000
I, [2017-04-11T13:50:59] -- server: Jester is making jokes at http://localhost:5000
D, [2017-04-11T14:06:38] -- server: GET /search/colorize
D, [2017-04-11T14:06:38] -- server:   200 OK {Content-Length: 44816, Access-Control-Allow-Origin: *}
D, [2017-04-11T14:06:38] -- server: GET /favicon.ico
D, [2017-04-11T14:06:38] -- server:   404 Not Found {Content-Length: 178, Content-Type: text/html;charset=utf-8}
I, [2017-04-11T14:08:55] -- server: Jester is making jokes at http://localhost:5000
D, [2017-04-11T14:08:56] -- server: GET /search/colorize
D, [2017-04-11T14:08:56] -- server:   200 OK {Content-Length: 251, Access-Control-Allow-Origin: *}
D, [2017-04-11T14:08:59] -- server: GET /search/colorize
D, [2017-04-11T14:08:59] -- server:   200 OK {Content-Length: 251, Access-Control-Allow-Origin: *}
D, [2017-04-11T14:09:01] -- server: GET /search/colorize
D, [2017-04-11T14:09:01] -- server:   200 OK {Content-Length: 251, Access-Control-Allow-Origin: *}
D, [2017-04-11T14:09:01] -- server: GET /search/colorize
D, [2017-04-11T14:09:01] -- server:   200 OK {Content-Length: 251, Access-Control-Allow-Origin: *}
D, [2017-04-11T14:09:01] -- server: GET /search/colorize
D, [2017-04-11T14:09:01] -- server:   200 OK {Content-Length: 251, Access-Control-Allow-Origin: *}
I, [2017-04-11T14:45:29] -- server: Jester is making jokes at http://localhost:5000
D, [2017-04-11T14:45:37] -- server: GET /search/colorize
D, [2017-04-11T14:45:37] -- server:   200 OK {Content-Length: 251, Access-Control-Allow-Origin: *}
D, [2017-04-11T14:45:44] -- server: GET /package/colorize
E, [2017-04-11T14:45:44] -- server: Traceback (most recent call last)
server.nim(22)           server
server.nim(19)           main
asyncdispatch.nim(1069)  runForever
asyncdispatch.nim(1104)  poll
asyncdispatch.nim(176)   processPendingCallbacks
asyncmacro.nim(34)       cb
asynchttpserver.nim(217) processClientIter
jester.nim(305)          :anonymous
jester.nim(276)          handleHTTPRequest
asyncmacro.nim(370)      handleRequest
asyncmacro.nim(34)       cb
jester.nim(237)          handleRequestIter
asyncmacro.nim(370)      match
asyncmacro.nim(34)       cb
jester.nim(432)          matchIter
packages.nim(21)         getPackageDetails
tables.nim(392)          []
tables.nim(151)          []
key not found: colorize
D, [2017-04-11T14:45:44] -- server:   502 Bad Gateway {Content-Length: 969, Content-Type: text/html;charset=utf-8}
I, [2017-04-11T14:46:57] -- server: Jester is making jokes at http://localhost:5000
D, [2017-04-11T14:46:59] -- server: GET /package/colorize
D, [2017-04-11T14:46:59] -- server:   200 OK {Content-Length: 11, Access-Control-Allow-Origin: *}
I, [2017-04-11T14:47:22] -- server: Jester is making jokes at http://localhost:5000
D, [2017-04-11T14:47:22] -- server: GET /package/colorize
D, [2017-04-11T14:47:23] -- server:   200 OK {Content-Length: 11, Access-Control-Allow-Origin: *}
D, [2017-04-11T14:47:27] -- server: GET /package/colorize
D, [2017-04-11T14:47:27] -- server:   200 OK {Content-Length: 11, Access-Control-Allow-Origin: *}
D, [2017-04-11T14:47:28] -- server: GET /package/colorize
D, [2017-04-11T14:47:28] -- server:   200 OK {Content-Length: 11, Access-Control-Allow-Origin: *}
I, [2017-04-11T14:48:02] -- server: Jester is making jokes at http://localhost:5000
D, [2017-04-11T14:48:04] -- server: GET /package/colorize
D, [2017-04-11T14:48:05] -- server:   200 OK {Content-Length: 11, Access-Control-Allow-Origin: *}
I, [2017-04-11T14:48:43] -- server: Jester is making jokes at http://localhost:5000
D, [2017-04-11T14:48:44] -- server: GET /package/colorize
D, [2017-04-11T14:48:45] -- server:   200 OK {Content-Length: 11, Access-Control-Allow-Origin: *}
I, [2017-04-11T14:49:02] -- server: Jester is making jokes at http://localhost:5000
D, [2017-04-11T14:49:03] -- server: GET /package/colorize
E, [2017-04-11T14:49:03] -- server: Traceback (most recent call last)
server.nim(22)           server
server.nim(19)           main
asyncdispatch.nim(1069)  runForever
asyncdispatch.nim(1104)  poll
asyncdispatch.nim(176)   processPendingCallbacks
asyncmacro.nim(34)       cb
asynchttpserver.nim(217) processClientIter
jester.nim(305)          :anonymous
jester.nim(276)          handleHTTPRequest
asyncmacro.nim(370)      handleRequest
asyncmacro.nim(34)       cb
jester.nim(237)          handleRequestIter
asyncmacro.nim(370)      match
asyncmacro.nim(34)       cb
jester.nim(432)          matchIter
packages.nim(23)         getPackageDetails
packages.nim(13)         getReadme
httpclient.nim(580)      getContent
404 Not Found
D, [2017-04-11T14:49:03] -- server:   502 Bad Gateway {Content-Length: 974, Content-Type: text/html;charset=utf-8}
D, [2017-04-11T14:49:05] -- server: GET /package/colorize
E, [2017-04-11T14:49:06] -- server: Traceback (most recent call last)
server.nim(22)           server
server.nim(19)           main
asyncdispatch.nim(1069)  runForever
asyncdispatch.nim(1104)  poll
asyncdispatch.nim(176)   processPendingCallbacks
asyncmacro.nim(34)       cb
asynchttpserver.nim(217) processClientIter
jester.nim(305)          :anonymous
jester.nim(276)          handleHTTPRequest
asyncmacro.nim(370)      handleRequest
asyncmacro.nim(34)       cb
jester.nim(237)          handleRequestIter
asyncmacro.nim(370)      match
asyncmacro.nim(34)       cb
jester.nim(432)          matchIter
packages.nim(23)         getPackageDetails
packages.nim(13)         getReadme
httpclient.nim(580)      getContent
404 Not Found
D, [2017-04-11T14:49:06] -- server:   502 Bad Gateway {Content-Length: 974, Content-Type: text/html;charset=utf-8}
D, [2017-04-11T14:49:06] -- server: GET /package/colorize
E, [2017-04-11T14:49:06] -- server: Traceback (most recent call last)
server.nim(22)           server
server.nim(19)           main
asyncdispatch.nim(1069)  runForever
asyncdispatch.nim(1104)  poll
asyncdispatch.nim(176)   processPendingCallbacks
asyncmacro.nim(34)       cb
asynchttpserver.nim(217) processClientIter
jester.nim(305)          :anonymous
jester.nim(276)          handleHTTPRequest
asyncmacro.nim(370)      handleRequest
asyncmacro.nim(34)       cb
jester.nim(237)          handleRequestIter
asyncmacro.nim(370)      match
asyncmacro.nim(34)       cb
jester.nim(432)          matchIter
packages.nim(23)         getPackageDetails
packages.nim(13)         getReadme
httpclient.nim(580)      getContent
404 Not Found
D, [2017-04-11T14:49:06] -- server:   502 Bad Gateway {Content-Length: 974, Content-Type: text/html;charset=utf-8}
I, [2017-04-11T14:49:17] -- server: Jester is making jokes at http://localhost:5000
D, [2017-04-11T14:49:18] -- server: GET /package/colorize
D, [2017-04-11T14:49:18] -- server:   200 OK {Content-Length: 11, Access-Control-Allow-Origin: *}
I, [2017-04-11T14:49:58] -- server: Jester is making jokes at http://localhost:5000
D, [2017-04-11T14:49:59] -- server: GET /package/colorize
D, [2017-04-11T14:49:59] -- server:   200 OK {Content-Length: 11, Access-Control-Allow-Origin: *}
D, [2017-04-11T14:50:19] -- server: GET /package/colorize
D, [2017-04-11T14:50:19] -- server:   200 OK {Content-Length: 11, Access-Control-Allow-Origin: *}
I, [2017-04-11T14:50:31] -- server: Jester is making jokes at http://localhost:5000
D, [2017-04-11T14:50:32] -- server: GET /package/colorize
E, [2017-04-11T14:50:32] -- server: Traceback (most recent call last)
server.nim(22)           server
server.nim(19)           main
asyncdispatch.nim(1069)  runForever
asyncdispatch.nim(1104)  poll
asyncdispatch.nim(176)   processPendingCallbacks
asyncmacro.nim(34)       cb
asynchttpserver.nim(217) processClientIter
jester.nim(305)          :anonymous
jester.nim(276)          handleHTTPRequest
asyncmacro.nim(370)      handleRequest
asyncmacro.nim(34)       cb
jester.nim(237)          handleRequestIter
asyncmacro.nim(370)      match
asyncmacro.nim(34)       cb
jester.nim(432)          matchIter
packages.nim(23)         getPackageDetails
packages.nim(14)         getReadme
httpclient.nim(580)      getContent
404 Not Found
D, [2017-04-11T14:50:32] -- server:   502 Bad Gateway {Content-Length: 974, Content-Type: text/html;charset=utf-8}
I, [2017-04-11T14:51:48] -- server: Jester is making jokes at http://localhost:5000
D, [2017-04-11T14:51:48] -- server: GET /package/colorize
E, [2017-04-11T14:51:49] -- server: Traceback (most recent call last)
server.nim(22)           server
server.nim(19)           main
asyncdispatch.nim(1069)  runForever
asyncdispatch.nim(1104)  poll
asyncdispatch.nim(176)   processPendingCallbacks
asyncmacro.nim(34)       cb
asynchttpserver.nim(217) processClientIter
jester.nim(305)          :anonymous
jester.nim(276)          handleHTTPRequest
asyncmacro.nim(370)      handleRequest
asyncmacro.nim(34)       cb
jester.nim(237)          handleRequestIter
asyncmacro.nim(370)      match
asyncmacro.nim(34)       cb
jester.nim(432)          matchIter
packages.nim(21)         getPackageDetails
packages.nim(13)         getReadme
httpclient.nim(580)      getContent
404 Not Found
D, [2017-04-11T14:51:49] -- server:   502 Bad Gateway {Content-Length: 974, Content-Type: text/html;charset=utf-8}
D, [2017-04-11T14:51:50] -- server: GET /package/colorize
E, [2017-04-11T14:51:51] -- server: Traceback (most recent call last)
server.nim(22)           server
server.nim(19)           main
asyncdispatch.nim(1069)  runForever
asyncdispatch.nim(1104)  poll
asyncdispatch.nim(176)   processPendingCallbacks
asyncmacro.nim(34)       cb
asynchttpserver.nim(217) processClientIter
jester.nim(305)          :anonymous
jester.nim(276)          handleHTTPRequest
asyncmacro.nim(370)      handleRequest
asyncmacro.nim(34)       cb
jester.nim(237)          handleRequestIter
asyncmacro.nim(370)      match
asyncmacro.nim(34)       cb
jester.nim(432)          matchIter
packages.nim(21)         getPackageDetails
packages.nim(13)         getReadme
httpclient.nim(580)      getContent
404 Not Found
D, [2017-04-11T14:51:51] -- server:   502 Bad Gateway {Content-Length: 974, Content-Type: text/html;charset=utf-8}
I, [2017-04-11T14:52:13] -- server: Jester is making jokes at http://localhost:5000
D, [2017-04-11T14:52:14] -- server: GET /package/colorize
E, [2017-04-11T14:52:14] -- server: Traceback (most recent call last)
server.nim(22)           server
server.nim(19)           main
asyncdispatch.nim(1069)  runForever
asyncdispatch.nim(1104)  poll
asyncdispatch.nim(176)   processPendingCallbacks
asyncmacro.nim(34)       cb
asynchttpserver.nim(217) processClientIter
jester.nim(305)          :anonymous
jester.nim(276)          handleHTTPRequest
asyncmacro.nim(370)      handleRequest
asyncmacro.nim(34)       cb
jester.nim(237)          handleRequestIter
asyncmacro.nim(370)      match
asyncmacro.nim(34)       cb
jester.nim(432)          matchIter
packages.nim(21)         getPackageDetails
packages.nim(13)         getReadme
httpclient.nim(580)      getContent
404 Not Found
D, [2017-04-11T14:52:14] -- server:   502 Bad Gateway {Content-Length: 974, Content-Type: text/html;charset=utf-8}
D, [2017-04-11T14:52:15] -- server: GET /package/colorize
E, [2017-04-11T14:52:16] -- server: Traceback (most recent call last)
server.nim(22)           server
server.nim(19)           main
asyncdispatch.nim(1069)  runForever
asyncdispatch.nim(1104)  poll
asyncdispatch.nim(176)   processPendingCallbacks
asyncmacro.nim(34)       cb
asynchttpserver.nim(217) processClientIter
jester.nim(305)          :anonymous
jester.nim(276)          handleHTTPRequest
asyncmacro.nim(370)      handleRequest
asyncmacro.nim(34)       cb
jester.nim(237)          handleRequestIter
asyncmacro.nim(370)      match
asyncmacro.nim(34)       cb
jester.nim(432)          matchIter
packages.nim(21)         getPackageDetails
packages.nim(13)         getReadme
httpclient.nim(580)      getContent
404 Not Found
D, [2017-04-11T14:52:16] -- server:   502 Bad Gateway {Content-Length: 974, Content-Type: text/html;charset=utf-8}
I, [2017-04-11T14:52:43] -- server: Jester is making jokes at http://localhost:5000
D, [2017-04-11T14:52:43] -- server: GET /package/colorize
D, [2017-04-11T14:52:44] -- server:   200 OK {Content-Length: 2107, Access-Control-Allow-Origin: *}
D, [2017-04-11T14:55:05] -- server: GET /package/colorize
D, [2017-04-11T14:55:05] -- server:   200 OK {Content-Length: 2107, Access-Control-Allow-Origin: *}
D, [2017-04-11T14:55:58] -- server: GET /package/colorize
D, [2017-04-11T14:55:58] -- server:   200 OK {Content-Length: 2107, Access-Control-Allow-Origin: *}
D, [2017-04-11T14:56:05] -- server: GET /package/colorize
D, [2017-04-11T14:56:05] -- server:   200 OK {Content-Length: 2107, Access-Control-Allow-Origin: *}
D, [2017-04-11T14:56:07] -- server: GET /package/colorize
D, [2017-04-11T14:56:07] -- server:   200 OK {Content-Length: 2107, Access-Control-Allow-Origin: *}
D, [2017-04-11T14:56:23] -- server: GET /package/colorize
D, [2017-04-11T14:56:23] -- server:   200 OK {Content-Length: 2107, Access-Control-Allow-Origin: *}
D, [2017-04-11T14:56:49] -- server: GET /package/colorize
D, [2017-04-11T14:56:49] -- server:   200 OK {Content-Length: 2107, Access-Control-Allow-Origin: *}
D, [2017-04-11T14:56:50] -- server: GET /package/colorize
D, [2017-04-11T14:56:50] -- server:   200 OK {Content-Length: 2107, Access-Control-Allow-Origin: *}
D, [2017-04-11T14:57:13] -- server: GET /package/colorize
D, [2017-04-11T14:57:13] -- server:   200 OK {Content-Length: 2107, Access-Control-Allow-Origin: *}
D, [2017-04-11T14:58:20] -- server: GET /package/colorize
D, [2017-04-11T14:58:21] -- server:   200 OK {Content-Length: 2107, Access-Control-Allow-Origin: *}
D, [2017-04-11T14:58:52] -- server: GET /package/colorize
D, [2017-04-11T14:58:52] -- server:   200 OK {Content-Length: 2107, Access-Control-Allow-Origin: *}
D, [2017-04-11T14:59:08] -- server: GET /package/colorize
D, [2017-04-11T14:59:08] -- server:   200 OK {Content-Length: 2107, Access-Control-Allow-Origin: *}
D, [2017-04-11T14:59:17] -- server: GET /package/colorize
D, [2017-04-11T14:59:17] -- server:   200 OK {Content-Length: 2107, Access-Control-Allow-Origin: *}
D, [2017-04-11T14:59:36] -- server: GET /package/colorize
D, [2017-04-11T14:59:36] -- server:   200 OK {Content-Length: 2107, Access-Control-Allow-Origin: *}
D, [2017-04-11T14:59:45] -- server: GET /package/colorize
D, [2017-04-11T14:59:45] -- server:   200 OK {Content-Length: 2107, Access-Control-Allow-Origin: *}
D, [2017-04-11T15:00:05] -- server: GET /package/colorize
D, [2017-04-11T15:00:05] -- server:   200 OK {Content-Length: 2107, Access-Control-Allow-Origin: *}
D, [2017-04-11T15:00:06] -- server: GET /package/colorize
D, [2017-04-11T15:00:06] -- server:   200 OK {Content-Length: 2107, Access-Control-Allow-Origin: *}
D, [2017-04-11T15:01:11] -- server: GET /package/colorize
D, [2017-04-11T15:01:12] -- server:   200 OK {Content-Length: 2107, Access-Control-Allow-Origin: *}
D, [2017-04-11T15:01:12] -- server: GET /package/colorize
D, [2017-04-11T15:01:12] -- server:   200 OK {Content-Length: 2107, Access-Control-Allow-Origin: *}
D, [2017-04-11T15:01:30] -- server: GET /package/colorize
D, [2017-04-11T15:01:30] -- server:   200 OK {Content-Length: 2107, Access-Control-Allow-Origin: *}
D, [2017-04-11T15:01:32] -- server: GET /package/colorize
D, [2017-04-11T15:01:32] -- server:   200 OK {Content-Length: 2107, Access-Control-Allow-Origin: *}
D, [2017-04-11T15:02:13] -- server: GET /package/colorize
D, [2017-04-11T15:02:13] -- server:   200 OK {Content-Length: 2107, Access-Control-Allow-Origin: *}
D, [2017-04-11T15:02:42] -- server: GET /package/colorize
D, [2017-04-11T15:02:42] -- server:   200 OK {Content-Length: 2107, Access-Control-Allow-Origin: *}
D, [2017-04-11T15:03:08] -- server: GET /package/colorize
D, [2017-04-11T15:03:09] -- server:   200 OK {Content-Length: 2107, Access-Control-Allow-Origin: *}
D, [2017-04-11T15:03:15] -- server: GET /package/colorize
D, [2017-04-11T15:03:15] -- server:   200 OK {Content-Length: 2107, Access-Control-Allow-Origin: *}
D, [2017-04-11T15:03:19] -- server: GET /package/colorize
D, [2017-04-11T15:03:19] -- server:   200 OK {Content-Length: 2107, Access-Control-Allow-Origin: *}
D, [2017-04-11T15:03:25] -- server: GET /package/colorize
D, [2017-04-11T15:03:25] -- server:   200 OK {Content-Length: 2107, Access-Control-Allow-Origin: *}
D, [2017-04-11T15:03:33] -- server: GET /package/colorize
D, [2017-04-11T15:03:34] -- server:   200 OK {Content-Length: 2107, Access-Control-Allow-Origin: *}
D, [2017-04-11T15:03:48] -- server: GET /package/colorize
D, [2017-04-11T15:03:48] -- server:   200 OK {Content-Length: 2107, Access-Control-Allow-Origin: *}
D, [2017-04-11T15:04:04] -- server: GET /package/colorize
D, [2017-04-11T15:04:04] -- server:   200 OK {Content-Length: 2107, Access-Control-Allow-Origin: *}
D, [2017-04-11T15:04:06] -- server: GET /package/colorize
D, [2017-04-11T15:04:06] -- server:   200 OK {Content-Length: 2107, Access-Control-Allow-Origin: *}
D, [2017-04-11T15:04:23] -- server: GET /package/colorize
D, [2017-04-11T15:04:23] -- server:   200 OK {Content-Length: 2107, Access-Control-Allow-Origin: *}
D, [2017-04-11T15:05:58] -- server: GET /package/colorize
D, [2017-04-11T15:05:59] -- server:   200 OK {Content-Length: 2107, Access-Control-Allow-Origin: *}
D, [2017-04-11T15:06:36] -- server: GET /package/colorize
D, [2017-04-11T15:06:36] -- server:   200 OK {Content-Length: 2107, Access-Control-Allow-Origin: *}
D, [2017-04-11T15:07:57] -- server: GET /package/colorize
D, [2017-04-11T15:07:58] -- server:   200 OK {Content-Length: 2107, Access-Control-Allow-Origin: *}
D, [2017-04-11T15:08:03] -- server: GET /package/colorize
D, [2017-04-11T15:08:03] -- server:   200 OK {Content-Length: 2107, Access-Control-Allow-Origin: *}
D, [2017-04-11T15:08:08] -- server: GET /package/colorize
D, [2017-04-11T15:08:08] -- server:   200 OK {Content-Length: 2107, Access-Control-Allow-Origin: *}
D, [2017-04-11T15:08:14] -- server: GET /package/colorize
D, [2017-04-11T15:08:14] -- server:   200 OK {Content-Length: 2107, Access-Control-Allow-Origin: *}
D, [2017-04-11T15:09:23] -- server: GET /package/colorize
D, [2017-04-11T15:09:23] -- server:   200 OK {Content-Length: 2107, Access-Control-Allow-Origin: *}
D, [2017-04-11T15:10:20] -- server: GET /package/colorize
D, [2017-04-11T15:10:21] -- server:   200 OK {Content-Length: 2107, Access-Control-Allow-Origin: *}
D, [2017-04-11T15:10:34] -- server: GET /package/colorize
D, [2017-04-11T15:10:34] -- server:   200 OK {Content-Length: 2107, Access-Control-Allow-Origin: *}
D, [2017-04-11T15:11:21] -- server: GET /package/colorize
D, [2017-04-11T15:11:21] -- server:   200 OK {Content-Length: 2107, Access-Control-Allow-Origin: *}
D, [2017-04-11T15:11:33] -- server: GET /package/colorize
D, [2017-04-11T15:11:33] -- server:   200 OK {Content-Length: 2107, Access-Control-Allow-Origin: *}
D, [2017-04-11T15:11:39] -- server: GET /package/colorize
D, [2017-04-11T15:11:39] -- server:   200 OK {Content-Length: 2107, Access-Control-Allow-Origin: *}
D, [2017-04-11T15:12:46] -- server: GET /package/colorize
D, [2017-04-11T15:12:47] -- server:   200 OK {Content-Length: 2107, Access-Control-Allow-Origin: *}
D, [2017-04-11T15:13:14] -- server: GET /package/colorize
D, [2017-04-11T15:13:14] -- server:   200 OK {Content-Length: 2107, Access-Control-Allow-Origin: *}
D, [2017-04-11T15:16:27] -- server: GET /package/colorize
D, [2017-04-11T15:16:27] -- server:   200 OK {Content-Length: 2107, Access-Control-Allow-Origin: *}
D, [2017-04-11T15:16:32] -- server: GET /package/colorize
D, [2017-04-11T15:16:32] -- server:   200 OK {Content-Length: 2107, Access-Control-Allow-Origin: *}
D, [2017-04-11T15:16:54] -- server: GET /package/colorize
D, [2017-04-11T15:16:54] -- server:   200 OK {Content-Length: 2107, Access-Control-Allow-Origin: *}
D, [2017-04-11T15:17:36] -- server: GET /package/colorize
D, [2017-04-11T15:17:36] -- server:   200 OK {Content-Length: 2107, Access-Control-Allow-Origin: *}
D, [2017-04-11T15:18:42] -- server: GET /package/colorize
D, [2017-04-11T15:18:42] -- server:   200 OK {Content-Length: 2107, Access-Control-Allow-Origin: *}
D, [2017-04-11T15:20:38] -- server: GET /package/colorize
D, [2017-04-11T15:20:38] -- server:   200 OK {Content-Length: 2107, Access-Control-Allow-Origin: *}
D, [2017-04-11T15:20:52] -- server: GET /package/colorize
D, [2017-04-11T15:20:52] -- server:   200 OK {Content-Length: 2107, Access-Control-Allow-Origin: *}
D, [2017-04-11T15:21:02] -- server: GET /package/colorize
D, [2017-04-11T15:21:02] -- server:   200 OK {Content-Length: 2107, Access-Control-Allow-Origin: *}
D, [2017-04-11T15:22:03] -- server: GET /package/colorize
D, [2017-04-11T15:22:03] -- server:   200 OK {Content-Length: 2107, Access-Control-Allow-Origin: *}
I, [2017-04-11T15:43:43] -- server: Jester is making jokes at http://localhost:5000
D, [2017-04-11T15:43:43] -- server: GET /package/colorize
D, [2017-04-11T15:43:44] -- server:   200 OK {Content-Length: 2107, Access-Control-Allow-Origin: *}
D, [2017-04-11T15:43:44] -- server: GET /package/colorize
D, [2017-04-11T15:43:44] -- server:   200 OK {Content-Length: 2107, Access-Control-Allow-Origin: *}
D, [2017-04-11T15:44:14] -- server: GET /package/colorize
D, [2017-04-11T15:44:14] -- server:   200 OK {Content-Length: 2107, Access-Control-Allow-Origin: *}
D, [2017-04-11T15:44:27] -- server: GET /package/colorize
D, [2017-04-11T15:44:27] -- server:   200 OK {Content-Length: 2107, Access-Control-Allow-Origin: *}
D, [2017-04-11T15:44:36] -- server: GET /package/colorize
D, [2017-04-11T15:44:37] -- server:   200 OK {Content-Length: 2107, Access-Control-Allow-Origin: *}
D, [2017-04-11T15:45:29] -- server: GET /package/colorize
D, [2017-04-11T15:45:29] -- server:   200 OK {Content-Length: 2107, Access-Control-Allow-Origin: *}
D, [2017-04-11T15:45:36] -- server: GET /package/colorize
D, [2017-04-11T15:45:37] -- server:   200 OK {Content-Length: 2107, Access-Control-Allow-Origin: *}
D, [2017-04-11T15:45:43] -- server: GET /package/colorize
D, [2017-04-11T15:45:43] -- server:   200 OK {Content-Length: 2107, Access-Control-Allow-Origin: *}
D, [2017-04-11T15:46:02] -- server: GET /package/colorize
D, [2017-04-11T15:46:03] -- server:   200 OK {Content-Length: 2107, Access-Control-Allow-Origin: *}
D, [2017-04-11T15:46:24] -- server: GET /package/colorize
D, [2017-04-11T15:46:24] -- server:   200 OK {Content-Length: 2107, Access-Control-Allow-Origin: *}
D, [2017-04-11T15:46:25] -- server: GET /package/colorize
D, [2017-04-11T15:46:25] -- server:   200 OK {Content-Length: 2107, Access-Control-Allow-Origin: *}
D, [2017-04-11T15:47:09] -- server: GET /package/colorize
D, [2017-04-11T15:47:10] -- server:   200 OK {Content-Length: 2107, Access-Control-Allow-Origin: *}
D, [2017-04-11T15:47:32] -- server: GET /package/colorize
D, [2017-04-11T15:47:32] -- server:   200 OK {Content-Length: 2107, Access-Control-Allow-Origin: *}
D, [2017-04-11T15:47:48] -- server: GET /package/colorize
D, [2017-04-11T15:47:48] -- server:   200 OK {Content-Length: 2107, Access-Control-Allow-Origin: *}
D, [2017-04-11T15:47:58] -- server: GET /package/colorize
D, [2017-04-11T15:47:58] -- server:   200 OK {Content-Length: 2107, Access-Control-Allow-Origin: *}
D, [2017-04-11T15:48:07] -- server: GET /package/colorize
D, [2017-04-11T15:48:08] -- server:   200 OK {Content-Length: 2107, Access-Control-Allow-Origin: *}
D, [2017-04-11T15:48:50] -- server: GET /package/colorize
D, [2017-04-11T15:48:51] -- server:   200 OK {Content-Length: 2107, Access-Control-Allow-Origin: *}
D, [2017-04-11T15:49:01] -- server: GET /package/colorize
D, [2017-04-11T15:49:01] -- server:   200 OK {Content-Length: 2107, Access-Control-Allow-Origin: *}
D, [2017-04-11T15:49:07] -- server: GET /package/colorize
D, [2017-04-11T15:49:07] -- server:   200 OK {Content-Length: 2107, Access-Control-Allow-Origin: *}
D, [2017-04-11T15:49:09] -- server: GET /package/colorize
D, [2017-04-11T15:49:09] -- server:   200 OK {Content-Length: 2107, Access-Control-Allow-Origin: *}
D, [2017-04-11T15:49:21] -- server: GET /package/colorize
D, [2017-04-11T15:49:21] -- server:   200 OK {Content-Length: 2107, Access-Control-Allow-Origin: *}
D, [2017-04-11T15:49:32] -- server: GET /package/colorize
D, [2017-04-11T15:49:32] -- server:   200 OK {Content-Length: 2107, Access-Control-Allow-Origin: *}
D, [2017-04-11T15:49:36] -- server: GET /package/colorize
D, [2017-04-11T15:49:36] -- server:   200 OK {Content-Length: 2107, Access-Control-Allow-Origin: *}
D, [2017-04-11T15:49:37] -- server: GET /package/colorize
D, [2017-04-11T15:49:38] -- server:   200 OK {Content-Length: 2107, Access-Control-Allow-Origin: *}
D, [2017-04-11T15:49:42] -- server: GET /package/colorize
D, [2017-04-11T15:49:42] -- server:   200 OK {Content-Length: 2107, Access-Control-Allow-Origin: *}
D, [2017-04-11T15:49:47] -- server: GET /package/colorize
D, [2017-04-11T15:49:48] -- server:   200 OK {Content-Length: 2107, Access-Control-Allow-Origin: *}
D, [2017-04-11T15:49:49] -- server: GET /package/colorize
D, [2017-04-11T15:49:49] -- server:   200 OK {Content-Length: 2107, Access-Control-Allow-Origin: *}
D, [2017-04-11T15:49:55] -- server: GET /package/colorize
D, [2017-04-11T15:49:55] -- server:   200 OK {Content-Length: 2107, Access-Control-Allow-Origin: *}
D, [2017-04-11T15:49:58] -- server: GET /package/colorize
D, [2017-04-11T15:49:58] -- server:   200 OK {Content-Length: 2107, Access-Control-Allow-Origin: *}
D, [2017-04-11T15:50:03] -- server: GET /package/colorize
D, [2017-04-11T15:50:03] -- server:   200 OK {Content-Length: 2107, Access-Control-Allow-Origin: *}
D, [2017-04-11T15:50:05] -- server: GET /package/colorize
D, [2017-04-11T15:50:05] -- server:   200 OK {Content-Length: 2107, Access-Control-Allow-Origin: *}
D, [2017-04-11T15:50:13] -- server: GET /package/colorize
D, [2017-04-11T15:50:14] -- server:   200 OK {Content-Length: 2107, Access-Control-Allow-Origin: *}
D, [2017-04-11T15:51:08] -- server: GET /package/colorize
D, [2017-04-11T15:51:09] -- server:   200 OK {Content-Length: 2107, Access-Control-Allow-Origin: *}
D, [2017-04-11T15:51:17] -- server: GET /package/colorize
D, [2017-04-11T15:51:17] -- server:   200 OK {Content-Length: 2107, Access-Control-Allow-Origin: *}
D, [2017-04-11T15:51:33] -- server: GET /package/colorize
D, [2017-04-11T15:51:33] -- server:   200 OK {Content-Length: 2107, Access-Control-Allow-Origin: *}
D, [2017-04-11T15:51:41] -- server: GET /package/colorize
D, [2017-04-11T15:51:41] -- server:   200 OK {Content-Length: 2107, Access-Control-Allow-Origin: *}
D, [2017-04-11T15:53:03] -- server: GET /package/colorize
D, [2017-04-11T15:53:03] -- server:   200 OK {Content-Length: 2107, Access-Control-Allow-Origin: *}
D, [2017-04-11T15:54:00] -- server: GET /package/colorize
D, [2017-04-11T15:54:00] -- server:   200 OK {Content-Length: 2107, Access-Control-Allow-Origin: *}
D, [2017-04-11T15:54:07] -- server: GET /package/colorize
D, [2017-04-11T15:54:08] -- server:   200 OK {Content-Length: 2107, Access-Control-Allow-Origin: *}
D, [2017-04-11T15:54:09] -- server: GET /package/colorize
D, [2017-04-11T15:54:09] -- server:   200 OK {Content-Length: 2107, Access-Control-Allow-Origin: *}
D, [2017-04-11T15:54:46] -- server: GET /package/colorize
D, [2017-04-11T15:54:48] -- server:   200 OK {Content-Length: 2107, Access-Control-Allow-Origin: *}
I, [2017-04-11T15:56:23] -- server: Jester is making jokes at http://localhost:5000
D, [2017-04-11T15:56:24] -- server: GET /package/colorize
D, [2017-04-11T15:56:25] -- server:   200 OK {Content-Length: 2107, Access-Control-Allow-Origin: *}
I, [2017-04-11T15:58:38] -- server: Jester is making jokes at http://localhost:5000
D, [2017-04-11T15:58:45] -- server: GET /package/colorize
D, [2017-04-11T15:58:46] -- server:   200 OK {Content-Length: 3332, Access-Control-Allow-Origin: *}
D, [2017-04-11T15:59:29] -- server: GET /package/colorize
D, [2017-04-11T15:59:30] -- server:   200 OK {Content-Length: 3332, Access-Control-Allow-Origin: *}
D, [2017-04-11T15:59:34] -- server: GET /package/colorize
D, [2017-04-11T15:59:35] -- server:   200 OK {Content-Length: 3332, Access-Control-Allow-Origin: *}
D, [2017-04-11T15:59:44] -- server: GET /package/colorize
D, [2017-04-11T15:59:46] -- server:   200 OK {Content-Length: 3332, Access-Control-Allow-Origin: *}
I, [2017-04-11T16:00:21] -- server: Jester is making jokes at http://localhost:5000
D, [2017-04-11T16:00:24] -- server: GET /package/colorize
D, [2017-04-11T16:00:27] -- server:   200 OK {Content-Length: 3333, Access-Control-Allow-Origin: *}
D, [2017-04-11T16:00:27] -- server: GET /package/colorize
D, [2017-04-11T16:00:28] -- server:   200 OK {Content-Length: 3333, Access-Control-Allow-Origin: *}
D, [2017-04-11T16:01:27] -- server: GET /package/colorize
D, [2017-04-11T16:01:28] -- server:   200 OK {Content-Length: 3333, Access-Control-Allow-Origin: *}
D, [2017-04-11T16:01:43] -- server: GET /package/colorize
D, [2017-04-11T16:01:45] -- server:   200 OK {Content-Length: 3333, Access-Control-Allow-Origin: *}
D, [2017-04-11T16:01:48] -- server: GET /package/colorize
D, [2017-04-11T16:01:49] -- server:   200 OK {Content-Length: 3333, Access-Control-Allow-Origin: *}
D, [2017-04-11T16:02:46] -- server: GET /package/colorize
D, [2017-04-11T16:02:47] -- server:   200 OK {Content-Length: 3333, Access-Control-Allow-Origin: *}
D, [2017-04-11T16:02:51] -- server: GET /package/colorize
D, [2017-04-11T16:02:53] -- server:   200 OK {Content-Length: 3333, Access-Control-Allow-Origin: *}
D, [2017-04-11T16:02:55] -- server: GET /package/colorize
D, [2017-04-11T16:02:56] -- server:   200 OK {Content-Length: 3333, Access-Control-Allow-Origin: *}
D, [2017-04-11T16:03:26] -- server: GET /package/colorize
D, [2017-04-11T16:03:28] -- server:   200 OK {Content-Length: 3333, Access-Control-Allow-Origin: *}
D, [2017-04-11T16:03:39] -- server: GET /package/colorize
D, [2017-04-11T16:03:41] -- server:   200 OK {Content-Length: 3333, Access-Control-Allow-Origin: *}
D, [2017-04-11T16:04:30] -- server: GET /package/colorize
D, [2017-04-11T16:04:32] -- server:   200 OK {Content-Length: 3333, Access-Control-Allow-Origin: *}
D, [2017-04-11T16:05:35] -- server: GET /package/colorize
D, [2017-04-11T16:05:36] -- server:   200 OK {Content-Length: 3333, Access-Control-Allow-Origin: *}
D, [2017-04-11T16:06:42] -- server: GET /package/colorize
D, [2017-04-11T16:06:44] -- server:   200 OK {Content-Length: 3333, Access-Control-Allow-Origin: *}
D, [2017-04-11T16:07:09] -- server: GET /package/colorize
D, [2017-04-11T16:07:10] -- server:   200 OK {Content-Length: 3333, Access-Control-Allow-Origin: *}
D, [2017-04-11T16:07:32] -- server: GET /package/colorize
D, [2017-04-11T16:07:33] -- server:   200 OK {Content-Length: 3333, Access-Control-Allow-Origin: *}
D, [2017-04-11T16:07:51] -- server: GET /package/colorize
D, [2017-04-11T16:07:53] -- server:   200 OK {Content-Length: 3333, Access-Control-Allow-Origin: *}
D, [2017-04-11T16:08:18] -- server: GET /package/colorize
D, [2017-04-11T16:08:19] -- server:   200 OK {Content-Length: 3333, Access-Control-Allow-Origin: *}
D, [2017-04-11T16:08:20] -- server: GET /package/colorize
D, [2017-04-11T16:08:22] -- server:   200 OK {Content-Length: 3333, Access-Control-Allow-Origin: *}
D, [2017-04-11T16:08:44] -- server: GET /package/colorize
D, [2017-04-11T16:08:45] -- server:   200 OK {Content-Length: 3333, Access-Control-Allow-Origin: *}
D, [2017-04-11T16:09:00] -- server: GET /package/colorize
D, [2017-04-11T16:09:02] -- server:   200 OK {Content-Length: 3333, Access-Control-Allow-Origin: *}
D, [2017-04-11T16:09:17] -- server: GET /package/colorize
D, [2017-04-11T16:09:18] -- server:   200 OK {Content-Length: 3333, Access-Control-Allow-Origin: *}
D, [2017-04-11T16:09:32] -- server: GET /package/colorize
D, [2017-04-11T16:09:39] -- server:   200 OK {Content-Length: 3333, Access-Control-Allow-Origin: *}
D, [2017-04-11T16:09:47] -- server: GET /package/colorize
D, [2017-04-11T16:09:48] -- server:   200 OK {Content-Length: 3333, Access-Control-Allow-Origin: *}
D, [2017-04-11T16:09:50] -- server: GET /package/colorize
D, [2017-04-11T16:09:51] -- server:   200 OK {Content-Length: 3333, Access-Control-Allow-Origin: *}
D, [2017-04-11T16:10:22] -- server: GET /package/colorize
D, [2017-04-11T16:10:23] -- server:   200 OK {Content-Length: 3333, Access-Control-Allow-Origin: *}
D, [2017-04-11T16:10:33] -- server: GET /package/colorize
D, [2017-04-11T16:10:34] -- server:   200 OK {Content-Length: 3333, Access-Control-Allow-Origin: *}
D, [2017-04-11T16:10:49] -- server: GET /package/colorize
D, [2017-04-11T16:10:51] -- server:   200 OK {Content-Length: 3333, Access-Control-Allow-Origin: *}
D, [2017-04-11T16:11:30] -- server: GET /package/colorize
D, [2017-04-11T16:11:31] -- server:   200 OK {Content-Length: 3333, Access-Control-Allow-Origin: *}
D, [2017-04-11T16:12:38] -- server: GET /package/colorize
D, [2017-04-11T16:12:39] -- server:   200 OK {Content-Length: 3333, Access-Control-Allow-Origin: *}
D, [2017-04-11T16:13:27] -- server: GET /package/colorize
D, [2017-04-11T16:13:28] -- server:   200 OK {Content-Length: 3333, Access-Control-Allow-Origin: *}
D, [2017-04-11T16:13:47] -- server: GET /package/colorize
D, [2017-04-11T16:13:48] -- server:   200 OK {Content-Length: 3333, Access-Control-Allow-Origin: *}
D, [2017-04-11T16:13:49] -- server: GET /package/colorize
D, [2017-04-11T16:13:50] -- server:   200 OK {Content-Length: 3333, Access-Control-Allow-Origin: *}
D, [2017-04-11T16:14:05] -- server: GET /package/colorize
D, [2017-04-11T16:14:07] -- server:   200 OK {Content-Length: 3333, Access-Control-Allow-Origin: *}
D, [2017-04-11T16:14:43] -- server: GET /package/colorize
D, [2017-04-11T16:14:44] -- server:   200 OK {Content-Length: 3333, Access-Control-Allow-Origin: *}
D, [2017-04-11T16:14:52] -- server: GET /package/colorize
D, [2017-04-11T16:14:54] -- server:   200 OK {Content-Length: 3333, Access-Control-Allow-Origin: *}
D, [2017-04-11T16:14:55] -- server: GET /package/colorize
D, [2017-04-11T16:14:56] -- server:   200 OK {Content-Length: 3333, Access-Control-Allow-Origin: *}
D, [2017-04-11T16:15:02] -- server: GET /package/colorize
D, [2017-04-11T16:15:03] -- server:   200 OK {Content-Length: 3333, Access-Control-Allow-Origin: *}
D, [2017-04-11T16:15:11] -- server: GET /package/colorize
D, [2017-04-11T16:15:13] -- server:   200 OK {Content-Length: 3333, Access-Control-Allow-Origin: *}
D, [2017-04-11T16:15:16] -- server: GET /package/colorize
D, [2017-04-11T16:15:17] -- server:   200 OK {Content-Length: 3333, Access-Control-Allow-Origin: *}
D, [2017-04-11T16:15:26] -- server: GET /package/colorize
D, [2017-04-11T16:15:27] -- server:   200 OK {Content-Length: 3333, Access-Control-Allow-Origin: *}
D, [2017-04-11T16:16:05] -- server: GET /package/colorize
D, [2017-04-11T16:16:06] -- server:   200 OK {Content-Length: 3333, Access-Control-Allow-Origin: *}
D, [2017-04-11T16:16:36] -- server: GET /package/colorize
D, [2017-04-11T16:16:37] -- server:   200 OK {Content-Length: 3333, Access-Control-Allow-Origin: *}
D, [2017-04-11T16:16:37] -- server: GET /package/colorize
D, [2017-04-11T16:16:39] -- server:   200 OK {Content-Length: 3333, Access-Control-Allow-Origin: *}
D, [2017-04-11T16:17:51] -- server: GET /package/colorize
D, [2017-04-11T16:17:52] -- server:   200 OK {Content-Length: 3333, Access-Control-Allow-Origin: *}
D, [2017-04-11T16:18:00] -- server: GET /package/colorize
D, [2017-04-11T16:18:02] -- server:   200 OK {Content-Length: 3333, Access-Control-Allow-Origin: *}
D, [2017-04-11T16:18:27] -- server: GET /package/colorize
D, [2017-04-11T16:18:28] -- server:   200 OK {Content-Length: 3333, Access-Control-Allow-Origin: *}
D, [2017-04-11T16:18:32] -- server: GET /package/colorize
D, [2017-04-11T16:18:33] -- server:   200 OK {Content-Length: 3333, Access-Control-Allow-Origin: *}
D, [2017-04-11T16:18:55] -- server: GET /package/colorize
D, [2017-04-11T16:18:56] -- server:   200 OK {Content-Length: 3333, Access-Control-Allow-Origin: *}
D, [2017-04-11T16:19:17] -- server: GET /package/colorize
D, [2017-04-11T16:19:18] -- server:   200 OK {Content-Length: 3333, Access-Control-Allow-Origin: *}
D, [2017-04-11T16:19:19] -- server: GET /package/colorize
D, [2017-04-11T16:19:20] -- server:   200 OK {Content-Length: 3333, Access-Control-Allow-Origin: *}
D, [2017-04-11T16:19:31] -- server: GET /package/colorize
D, [2017-04-11T16:19:32] -- server:   200 OK {Content-Length: 3333, Access-Control-Allow-Origin: *}
D, [2017-04-11T16:19:36] -- server: GET /package/colorize
D, [2017-04-11T16:19:37] -- server:   200 OK {Content-Length: 3333, Access-Control-Allow-Origin: *}
D, [2017-04-11T16:19:38] -- server: GET /package/colorize
E, [2017-04-11T16:19:39] -- server: Traceback (most recent call last)
server.nim(22)           server
server.nim(19)           main
asyncdispatch.nim(1069)  runForever
asyncdispatch.nim(1104)  poll
asyncdispatch.nim(176)   processPendingCallbacks
asyncmacro.nim(34)       cb
asynchttpserver.nim(217) processClientIter
jester.nim(305)          :anonymous
jester.nim(276)          handleHTTPRequest
asyncmacro.nim(370)      handleRequest
asyncmacro.nim(34)       cb
jester.nim(237)          handleRequestIter
asyncmacro.nim(370)      match
asyncmacro.nim(34)       cb
jester.nim(432)          matchIter
packages.nim(31)         getPackageDetails
packages.nim(14)         getProfileInfo
httpclient.nim(580)      getContent
403 Forbidden
D, [2017-04-11T16:19:39] -- server:   502 Bad Gateway {Content-Length: 979, Content-Type: text/html;charset=utf-8}
D, [2017-04-11T16:19:39] -- server: GET /package/colorize
E, [2017-04-11T16:19:40] -- server: Traceback (most recent call last)
server.nim(22)           server
server.nim(19)           main
asyncdispatch.nim(1069)  runForever
asyncdispatch.nim(1104)  poll
asyncdispatch.nim(176)   processPendingCallbacks
asyncmacro.nim(34)       cb
asynchttpserver.nim(217) processClientIter
jester.nim(305)          :anonymous
jester.nim(276)          handleHTTPRequest
asyncmacro.nim(370)      handleRequest
asyncmacro.nim(34)       cb
jester.nim(237)          handleRequestIter
asyncmacro.nim(370)      match
asyncmacro.nim(34)       cb
jester.nim(432)          matchIter
packages.nim(31)         getPackageDetails
packages.nim(14)         getProfileInfo
httpclient.nim(580)      getContent
403 Forbidden
D, [2017-04-11T16:19:40] -- server:   502 Bad Gateway {Content-Length: 979, Content-Type: text/html;charset=utf-8}
D, [2017-04-11T16:19:53] -- server: GET /package/colorize
E, [2017-04-11T16:19:54] -- server: Traceback (most recent call last)
server.nim(22)           server
server.nim(19)           main
asyncdispatch.nim(1069)  runForever
asyncdispatch.nim(1104)  poll
asyncdispatch.nim(176)   processPendingCallbacks
asyncmacro.nim(34)       cb
asynchttpserver.nim(217) processClientIter
jester.nim(305)          :anonymous
jester.nim(276)          handleHTTPRequest
asyncmacro.nim(370)      handleRequest
asyncmacro.nim(34)       cb
jester.nim(237)          handleRequestIter
asyncmacro.nim(370)      match
asyncmacro.nim(34)       cb
jester.nim(432)          matchIter
packages.nim(31)         getPackageDetails
packages.nim(14)         getProfileInfo
httpclient.nim(580)      getContent
403 Forbidden
D, [2017-04-11T16:19:54] -- server:   502 Bad Gateway {Content-Length: 979, Content-Type: text/html;charset=utf-8}
D, [2017-04-11T16:19:59] -- server: GET /package/colorize
E, [2017-04-11T16:20:01] -- server: Traceback (most recent call last)
server.nim(22)           server
server.nim(19)           main
asyncdispatch.nim(1069)  runForever
asyncdispatch.nim(1104)  poll
asyncdispatch.nim(176)   processPendingCallbacks
asyncmacro.nim(34)       cb
asynchttpserver.nim(217) processClientIter
jester.nim(305)          :anonymous
jester.nim(276)          handleHTTPRequest
asyncmacro.nim(370)      handleRequest
asyncmacro.nim(34)       cb
jester.nim(237)          handleRequestIter
asyncmacro.nim(370)      match
asyncmacro.nim(34)       cb
jester.nim(432)          matchIter
packages.nim(31)         getPackageDetails
packages.nim(14)         getProfileInfo
httpclient.nim(580)      getContent
403 Forbidden
D, [2017-04-11T16:20:01] -- server:   502 Bad Gateway {Content-Length: 979, Content-Type: text/html;charset=utf-8}
D, [2017-04-11T16:20:08] -- server: GET /package/colorize
E, [2017-04-11T16:20:09] -- server: Traceback (most recent call last)
server.nim(22)           server
server.nim(19)           main
asyncdispatch.nim(1069)  runForever
asyncdispatch.nim(1104)  poll
asyncdispatch.nim(176)   processPendingCallbacks
asyncmacro.nim(34)       cb
asynchttpserver.nim(217) processClientIter
jester.nim(305)          :anonymous
jester.nim(276)          handleHTTPRequest
asyncmacro.nim(370)      handleRequest
asyncmacro.nim(34)       cb
jester.nim(237)          handleRequestIter
asyncmacro.nim(370)      match
asyncmacro.nim(34)       cb
jester.nim(432)          matchIter
packages.nim(31)         getPackageDetails
packages.nim(14)         getProfileInfo
httpclient.nim(580)      getContent
403 Forbidden
D, [2017-04-11T16:20:09] -- server:   502 Bad Gateway {Content-Length: 979, Content-Type: text/html;charset=utf-8}
D, [2017-04-11T16:20:19] -- server: GET /package/colorize
E, [2017-04-11T16:20:20] -- server: Traceback (most recent call last)
server.nim(22)           server
server.nim(19)           main
asyncdispatch.nim(1069)  runForever
asyncdispatch.nim(1104)  poll
asyncdispatch.nim(176)   processPendingCallbacks
asyncmacro.nim(34)       cb
asynchttpserver.nim(217) processClientIter
jester.nim(305)          :anonymous
jester.nim(276)          handleHTTPRequest
asyncmacro.nim(370)      handleRequest
asyncmacro.nim(34)       cb
jester.nim(237)          handleRequestIter
asyncmacro.nim(370)      match
asyncmacro.nim(34)       cb
jester.nim(432)          matchIter
packages.nim(31)         getPackageDetails
packages.nim(14)         getProfileInfo
httpclient.nim(580)      getContent
403 Forbidden
D, [2017-04-11T16:20:20] -- server:   502 Bad Gateway {Content-Length: 979, Content-Type: text/html;charset=utf-8}
D, [2017-04-11T16:20:32] -- server: GET /package/colorize
E, [2017-04-11T16:20:34] -- server: Traceback (most recent call last)
server.nim(22)           server
server.nim(19)           main
asyncdispatch.nim(1069)  runForever
asyncdispatch.nim(1104)  poll
asyncdispatch.nim(176)   processPendingCallbacks
asyncmacro.nim(34)       cb
asynchttpserver.nim(217) processClientIter
jester.nim(305)          :anonymous
jester.nim(276)          handleHTTPRequest
asyncmacro.nim(370)      handleRequest
asyncmacro.nim(34)       cb
jester.nim(237)          handleRequestIter
asyncmacro.nim(370)      match
asyncmacro.nim(34)       cb
jester.nim(432)          matchIter
packages.nim(31)         getPackageDetails
packages.nim(14)         getProfileInfo
httpclient.nim(580)      getContent
403 Forbidden
D, [2017-04-11T16:20:34] -- server:   502 Bad Gateway {Content-Length: 979, Content-Type: text/html;charset=utf-8}
I, [2017-04-11T16:22:02] -- server: Jester is making jokes at http://localhost:5000
D, [2017-04-11T16:22:02] -- server: GET /package/colorize
E, [2017-04-11T16:22:04] -- server: Traceback (most recent call last)
server.nim(22)           server
server.nim(19)           main
asyncdispatch.nim(1069)  runForever
asyncdispatch.nim(1104)  poll
asyncdispatch.nim(176)   processPendingCallbacks
asyncmacro.nim(34)       cb
asynchttpserver.nim(217) processClientIter
jester.nim(305)          :anonymous
jester.nim(276)          handleHTTPRequest
asyncmacro.nim(370)      handleRequest
asyncmacro.nim(34)       cb
jester.nim(237)          handleRequestIter
asyncmacro.nim(370)      match
asyncmacro.nim(34)       cb
jester.nim(432)          matchIter
packages.nim(31)         getPackageDetails
packages.nim(14)         getProfileInfo
httpclient.nim(580)      getContent
403 Forbidden
D, [2017-04-11T16:22:04] -- server:   502 Bad Gateway {Content-Length: 979, Content-Type: text/html;charset=utf-8}
I, [2017-04-11T16:22:13] -- server: Jester is making jokes at http://localhost:5000
D, [2017-04-11T16:22:17] -- server: GET /package/colorize
E, [2017-04-11T16:22:18] -- server: Traceback (most recent call last)
server.nim(22)           server
server.nim(19)           main
asyncdispatch.nim(1069)  runForever
asyncdispatch.nim(1104)  poll
asyncdispatch.nim(176)   processPendingCallbacks
asyncmacro.nim(34)       cb
asynchttpserver.nim(217) processClientIter
jester.nim(305)          :anonymous
jester.nim(276)          handleHTTPRequest
asyncmacro.nim(370)      handleRequest
asyncmacro.nim(34)       cb
jester.nim(237)          handleRequestIter
asyncmacro.nim(370)      match
asyncmacro.nim(34)       cb
jester.nim(432)          matchIter
packages.nim(31)         getPackageDetails
packages.nim(14)         getProfileInfo
httpclient.nim(580)      getContent
403 Forbidden
D, [2017-04-11T16:22:18] -- server:   502 Bad Gateway {Content-Length: 979, Content-Type: text/html;charset=utf-8}
D, [2017-04-11T16:22:32] -- server: GET /package/colorize
E, [2017-04-11T16:22:33] -- server: Traceback (most recent call last)
server.nim(22)           server
server.nim(19)           main
asyncdispatch.nim(1069)  runForever
asyncdispatch.nim(1104)  poll
asyncdispatch.nim(176)   processPendingCallbacks
asyncmacro.nim(34)       cb
asynchttpserver.nim(217) processClientIter
jester.nim(305)          :anonymous
jester.nim(276)          handleHTTPRequest
asyncmacro.nim(370)      handleRequest
asyncmacro.nim(34)       cb
jester.nim(237)          handleRequestIter
asyncmacro.nim(370)      match
asyncmacro.nim(34)       cb
jester.nim(432)          matchIter
packages.nim(31)         getPackageDetails
packages.nim(14)         getProfileInfo
httpclient.nim(580)      getContent
403 Forbidden
D, [2017-04-11T16:22:33] -- server:   502 Bad Gateway {Content-Length: 979, Content-Type: text/html;charset=utf-8}
D, [2017-04-11T16:23:01] -- server: GET /package/colorize
E, [2017-04-11T16:23:02] -- server: Traceback (most recent call last)
server.nim(22)           server
server.nim(19)           main
asyncdispatch.nim(1069)  runForever
asyncdispatch.nim(1104)  poll
asyncdispatch.nim(176)   processPendingCallbacks
asyncmacro.nim(34)       cb
asynchttpserver.nim(217) processClientIter
jester.nim(305)          :anonymous
jester.nim(276)          handleHTTPRequest
asyncmacro.nim(370)      handleRequest
asyncmacro.nim(34)       cb
jester.nim(237)          handleRequestIter
asyncmacro.nim(370)      match
asyncmacro.nim(34)       cb
jester.nim(432)          matchIter
packages.nim(31)         getPackageDetails
packages.nim(14)         getProfileInfo
httpclient.nim(580)      getContent
403 Forbidden
D, [2017-04-11T16:23:02] -- server:   502 Bad Gateway {Content-Length: 979, Content-Type: text/html;charset=utf-8}
D, [2017-04-11T16:23:03] -- server: GET /search/colorize
D, [2017-04-11T16:23:03] -- server:   200 OK {Content-Length: 251, Access-Control-Allow-Origin: *}
D, [2017-04-11T16:23:05] -- server: GET /package/colorize
E, [2017-04-11T16:23:06] -- server: Traceback (most recent call last)
server.nim(22)           server
server.nim(19)           main
asyncdispatch.nim(1069)  runForever
asyncdispatch.nim(1104)  poll
asyncdispatch.nim(176)   processPendingCallbacks
asyncmacro.nim(34)       cb
asynchttpserver.nim(217) processClientIter
jester.nim(305)          :anonymous
jester.nim(276)          handleHTTPRequest
asyncmacro.nim(370)      handleRequest
asyncmacro.nim(34)       cb
jester.nim(237)          handleRequestIter
asyncmacro.nim(370)      match
asyncmacro.nim(34)       cb
jester.nim(432)          matchIter
packages.nim(31)         getPackageDetails
packages.nim(14)         getProfileInfo
httpclient.nim(580)      getContent
403 Forbidden
D, [2017-04-11T16:23:06] -- server:   502 Bad Gateway {Content-Length: 979, Content-Type: text/html;charset=utf-8}
D, [2017-04-11T16:23:06] -- server: GET /package/colorize
E, [2017-04-11T16:23:08] -- server: Traceback (most recent call last)
server.nim(22)           server
server.nim(19)           main
asyncdispatch.nim(1069)  runForever
asyncdispatch.nim(1104)  poll
asyncdispatch.nim(176)   processPendingCallbacks
asyncmacro.nim(34)       cb
asynchttpserver.nim(217) processClientIter
jester.nim(305)          :anonymous
jester.nim(276)          handleHTTPRequest
asyncmacro.nim(370)      handleRequest
asyncmacro.nim(34)       cb
jester.nim(237)          handleRequestIter
asyncmacro.nim(370)      match
asyncmacro.nim(34)       cb
jester.nim(432)          matchIter
packages.nim(31)         getPackageDetails
packages.nim(14)         getProfileInfo
httpclient.nim(580)      getContent
403 Forbidden
D, [2017-04-11T16:23:08] -- server:   502 Bad Gateway {Content-Length: 979, Content-Type: text/html;charset=utf-8}
I, [2017-04-11T16:23:32] -- server: Jester is making jokes at http://localhost:5000
D, [2017-04-11T16:23:33] -- server: GET /package/colorize
E, [2017-04-11T16:23:34] -- server: Traceback (most recent call last)
server.nim(22)           server
server.nim(19)           main
asyncdispatch.nim(1069)  runForever
asyncdispatch.nim(1104)  poll
asyncdispatch.nim(176)   processPendingCallbacks
asyncmacro.nim(34)       cb
asynchttpserver.nim(217) processClientIter
jester.nim(305)          :anonymous
jester.nim(276)          handleHTTPRequest
asyncmacro.nim(370)      handleRequest
asyncmacro.nim(34)       cb
jester.nim(237)          handleRequestIter
asyncmacro.nim(370)      match
asyncmacro.nim(34)       cb
jester.nim(432)          matchIter
packages.nim(32)         getPackageDetails
packages.nim(15)         getProfileInfo
httpclient.nim(580)      getContent
403 Forbidden
D, [2017-04-11T16:23:34] -- server:   502 Bad Gateway {Content-Length: 979, Content-Type: text/html;charset=utf-8}
